Copyright 1986-2022 Xilinx, Inc. All Rights Reserved.
-------------------------------------------------------------------------------------------------------------------------------------------------------------------------
| Tool Version     : Vivado v.2022.2 (win64) Build 3671981 Fri Oct 14 05:00:03 MDT 2022
| Date             : Fri Dec 12 01:55:30 2025
| Host             : LAPTOP-HKKO74LN running 64-bit major release  (build 9200)
| Command          : report_power -file final_project_top_power_routed.rpt -pb final_project_top_power_summary_routed.pb -rpx final_project_top_power_routed.rpx
| Design           : final_project_top
| Device           : xc7s50csga324-1
| Design State     : routed
| Grade            : commercial
| Process          : typical
| Characterization : Production
-------------------------------------------------------------------------------------------------------------------------------------------------------------------------

Power Report

Table of Contents
-----------------
1. Summary
1.1 On-Chip Components
1.2 Power Supply Summary
1.3 Confidence Level
2. Settings
2.1 Environment
2.2 Clock Constraints
3. Detailed Reports
3.1 By Hierarchy

1. Summary
----------

+--------------------------+--------------+
| Total On-Chip Power (W)  | 0.794        |
| Design Power Budget (W)  | Unspecified* |
| Power Budget Margin (W)  | NA           |
| Dynamic (W)              | 0.716        |
| Device Static (W)        | 0.079        |
| Effective TJA (C/W)      | 4.9          |
| Max Ambient (C)          | 81.1         |
| Junction Temperature (C) | 28.9         |
| Confidence Level         | Low          |
| Setting File             | ---          |
| Simulation Activity File | ---          |
| Design Nets Matched      | NA           |
+--------------------------+--------------+
* Specify Design Power Budget using, set_operating_conditions -design_power_budget <value in Watts>


1.1 On-Chip Components
----------------------

+--------------------------+-----------+----------+-----------+-----------------+
| On-Chip                  | Power (W) | Used     | Available | Utilization (%) |
+--------------------------+-----------+----------+-----------+-----------------+
| Clocks                   |     0.019 |       12 |       --- |             --- |
| Slice Logic              |     0.158 |    27735 |       --- |             --- |
|   LUT as Logic           |     0.148 |    16147 |     32600 |           49.53 |
|   CARRY4                 |     0.007 |     2594 |      8150 |           31.83 |
|   F7/F8 Muxes            |    <0.001 |      491 |     32600 |            1.51 |
|   Register               |    <0.001 |     3900 |     65200 |            5.98 |
|   LUT as Distributed RAM |    <0.001 |      108 |      9600 |            1.13 |
|   LUT as Shift Register  |    <0.001 |       90 |      9600 |            0.94 |
|   Others                 |    <0.001 |      792 |       --- |             --- |
|   BUFG                   |    <0.001 |        1 |        32 |            3.13 |
| Signals                  |     0.159 |    15901 |       --- |             --- |
| Block RAM                |     0.026 |     59.5 |        75 |           79.33 |
| MMCM                     |     0.212 |        2 |         5 |           40.00 |
| DSPs                     |    <0.001 |        2 |       120 |            1.67 |
| I/O                      |     0.141 |       44 |       210 |           20.95 |
| Static Power             |     0.079 |          |           |                 |
| Total                    |     0.794 |          |           |                 |
+--------------------------+-----------+----------+-----------+-----------------+


1.2 Power Supply Summary
------------------------

+-----------+-------------+-----------+-------------+------------+-------------+-------------+------------+
| Source    | Voltage (V) | Total (A) | Dynamic (A) | Static (A) | Powerup (A) | Budget (A)  | Margin (A) |
+-----------+-------------+-----------+-------------+------------+-------------+-------------+------------+
| Vccint    |       1.000 |     0.374 |       0.362 |      0.012 |       NA    | Unspecified | NA         |
| Vccaux    |       1.800 |     0.130 |       0.118 |      0.013 |       NA    | Unspecified | NA         |
| Vcco33    |       3.300 |     0.042 |       0.041 |      0.001 |       NA    | Unspecified | NA         |
| Vcco25    |       2.500 |     0.002 |       0.001 |      0.001 |       NA    | Unspecified | NA         |
| Vcco18    |       1.800 |     0.000 |       0.000 |      0.000 |       NA    | Unspecified | NA         |
| Vcco15    |       1.500 |     0.000 |       0.000 |      0.000 |       NA    | Unspecified | NA         |
| Vcco135   |       1.350 |     0.000 |       0.000 |      0.000 |       NA    | Unspecified | NA         |
| Vcco12    |       1.200 |     0.000 |       0.000 |      0.000 |       NA    | Unspecified | NA         |
| Vccaux_io |       1.800 |     0.000 |       0.000 |      0.000 |       NA    | Unspecified | NA         |
| Vccbram   |       1.000 |     0.004 |       0.002 |      0.002 |       NA    | Unspecified | NA         |
| Vccadc    |       1.800 |     0.020 |       0.000 |      0.020 |       NA    | Unspecified | NA         |
+-----------+-------------+-----------+-------------+------------+-------------+-------------+------------+


1.3 Confidence Level
--------------------

+-----------------------------+------------+--------------------------------------------------------+--------------------------------------------------------------------------------------------------------------------+
| User Input Data             | Confidence | Details                                                | Action                                                                                                             |
+-----------------------------+------------+--------------------------------------------------------+--------------------------------------------------------------------------------------------------------------------+
| Design implementation state | High       | Design is routed                                       |                                                                                                                    |
| Clock nodes activity        | Medium     | More than 5% of clocks are missing user specification  | Provide missing clock activity with a constraint file, simulation results or by editing the "By Clock Domain" view |
| I/O nodes activity          | Low        | More than 75% of inputs are missing user specification | Provide missing input activity with simulation results or by editing the "By Resource Type -> I/Os" view           |
| Internal nodes activity     | Medium     | User specified less than 25% of internal nodes         | Provide missing internal nodes activity with simulation results or by editing the "By Resource Type" views         |
| Device models               | High       | Device models are Production                           |                                                                                                                    |
|                             |            |                                                        |                                                                                                                    |
| Overall confidence level    | Low        |                                                        |                                                                                                                    |
+-----------------------------+------------+--------------------------------------------------------+--------------------------------------------------------------------------------------------------------------------+


2. Settings
-----------

2.1 Environment
---------------

+-----------------------+--------------------------+
| Ambient Temp (C)      | 25.0                     |
| ThetaJA (C/W)         | 4.9                      |
| Airflow (LFM)         | 250                      |
| Heat Sink             | medium (Medium Profile)  |
| ThetaSA (C/W)         | 4.6                      |
| Board Selection       | medium (10"x10")         |
| # of Board Layers     | 12to15 (12 to 15 Layers) |
| Board Temperature (C) | 25.0                     |
+-----------------------+--------------------------+


2.2 Clock Constraints
---------------------

+------------------------------------------------------------+---------------------------------------------------------+-----------------+
| Clock                                                      | Domain                                                  | Constraint (ns) |
+------------------------------------------------------------+---------------------------------------------------------+-----------------+
| clk_100                                                    | Clk                                                     |            10.0 |
| clk_100                                                    | Clk_IBUF_BUFG                                           |            10.0 |
| clk_out1_clk_wiz_0                                         | clk_wiz/inst/clk_out1_clk_wiz_0                         |            40.0 |
| clk_out1_mb_block_clk_wiz_1_0                              | mb_block_i/clk_wiz_1/inst/clk_out1_mb_block_clk_wiz_1_0 |            10.0 |
| clk_out2_clk_wiz_0                                         | clk_wiz/inst/clk_out2_clk_wiz_0                         |             8.0 |
| clkfbout_clk_wiz_0                                         | clk_wiz/inst/clkfbout_clk_wiz_0                         |            10.0 |
| clkfbout_mb_block_clk_wiz_1_0                              | mb_block_i/clk_wiz_1/inst/clkfbout_mb_block_clk_wiz_1_0 |            10.0 |
| mb_block_i/mdm_1/U0/Use_E2.BSCAN_I/Use_E2.BSCANE2_I/DRCK   | mb_block_i/mdm_1/U0/Use_E2.BSCAN_I/DRCK                 |            33.3 |
| mb_block_i/mdm_1/U0/Use_E2.BSCAN_I/Use_E2.BSCANE2_I/UPDATE | mb_block_i/mdm_1/U0/Use_E2.BSCAN_I/Dbg_Update_0         |            33.3 |
+------------------------------------------------------------+---------------------------------------------------------+-----------------+


3. Detailed Reports
-------------------

3.1 By Hierarchy
----------------

+-------------------------------+-----------+
| Name                          | Power (W) |
+-------------------------------+-----------+
| final_project_top             |     0.716 |
|   audio_subsystem             |     0.018 |
|     die_unit                  |     0.004 |
|       U0                      |     0.004 |
|     egg_unit                  |     0.004 |
|       U0                      |     0.004 |
|     shoot_unit                |     0.004 |
|       U0                      |     0.004 |
|   background_ex               |     0.004 |
|     game_background_rom       |     0.002 |
|       U0                      |     0.002 |
|   bullets_system              |     0.041 |
|   chicken_anim                |     0.023 |
|   chicken_motion              |     0.089 |
|   clk_wiz                     |     0.106 |
|     inst                      |     0.106 |
|   eggs                        |     0.036 |
|   game_ctrl                   |     0.002 |
|   mb_block_i                  |     0.148 |
|     clk_wiz_1                 |     0.106 |
|       inst                    |     0.106 |
|     gpio_usb_keycode          |     0.001 |
|       U0                      |     0.001 |
|     microblaze_0              |     0.015 |
|       U0                      |     0.015 |
|     microblaze_0_axi_intc     |     0.002 |
|       U0                      |     0.002 |
|     microblaze_0_axi_periph   |     0.001 |
|       xbar                    |     0.001 |
|     microblaze_0_local_memory |     0.012 |
|       lmb_bram                |     0.012 |
|     spi_usb                   |     0.004 |
|       U0                      |     0.004 |
|     timer_usb_axi             |     0.004 |
|       U0                      |     0.004 |
|   score_unit                  |     0.088 |
|   vga                         |     0.002 |
|   vga_to_hdmi                 |     0.133 |
|     inst                      |     0.133 |
+-------------------------------+-----------+


